<?xml version="1.0" encoding="UTF-8" ?>
<testsuite failures="0" time="79.373" errors="0" skipped="0" tests="8" name="org.apache.camel.CMISProducerTest">
  <properties>
[...]
</properties>
  <testcase time="11.474" classname="org.apache.camel.CMISProducerTest" name="storeMessageBodyAsTextDocument"/>
  <testcase time="10.43" classname="org.apache.camel.CMISProducerTest" name="getDocumentMimeTypeFromMessageContentType"/>
  <testcase time="8.084" classname="org.apache.camel.CMISProducerTest" name="namePropertyIsAlwaysRequired"/>
  <testcase time="8.662" classname="org.apache.camel.CMISProducerTest" name="createDocumentWithoutContentByExplicitlySpecifyingObjectTypeHeader"/>
  <testcase time="9.288" classname="org.apache.camel.CMISProducerTest" name="emptyBodyAndMissingObjectTypeHeaderCreatesFolderNode"/>
  <testcase time="12.089" classname="org.apache.camel.CMISProducerTest" name="cmisPropertiesAreStored"/>
  <testcase time="8.065" classname="org.apache.camel.CMISProducerTest" name="failConnectingToNonExistingRepository"/>
  <testcase time="11.276" classname="org.apache.camel.CMISProducerTest" name="createDocumentAtSpecificPath"/>
</testsuite>